============================= test session starts ==============================
platform linux -- Python 3.11.12, pytest-8.3.5, pluggy-1.5.0
rootdir: /app
plugins: anyio-4.9.0
collected 5 items

tests/test_app.py .....                                                  [100%]

=============================== warnings summary ===============================
tests/test_app.py::test_add_new_and_delete
tests/test_app.py::test_add_new_and_delete
  /app/app/main.py:43: PydanticDeprecatedSince20: The `dict` method is deprecated; use `model_dump` instead. Deprecated in Pydantic V2.0 to be removed in V3.0. See Pydantic V2 Migration Guide at https://errors.pydantic.dev/2.11/migration/
    collection.insert_one(product.dict())

-- Docs: https://docs.pytest.org/en/stable/how-to/capture-warnings.html
======================== 5 passed, 2 warnings in 1.52s =========================
